  MeshOptimization.cpp
c:\workspace\niswgsp_line\niswgsp_line\mesh\meshoptimization.cpp(324): warning C4267: “+=”: 从“size_t”转换到“int”，可能丢失数据
c:\workspace\niswgsp_line\niswgsp_line\mesh\meshoptimization.cpp(332): warning C4267: “+=”: 从“size_t”转换到“int”，可能丢失数据
c:\workspace\niswgsp_line\niswgsp_line\mesh\meshoptimization.cpp(340): warning C4267: “+=”: 从“size_t”转换到“int”，可能丢失数据
c:\workspace\niswgsp_line\niswgsp_line\mesh\meshoptimization.cpp(352): warning C4267: “+=”: 从“size_t”转换到“int”，可能丢失数据
c:\workspace\niswgsp_line\niswgsp_line\mesh\meshoptimization.cpp(355): warning C4267: “-=”: 从“size_t”转换到“int”，可能丢失数据
c:\workspace\niswgsp_line\niswgsp_line\mesh\meshoptimization.cpp(367): warning C4267: “+=”: 从“size_t”转换到“int”，可能丢失数据
c:\program files (x86)\microsoft visual studio\2017\community\vc\tools\msvc\14.16.27023\include\xmemory0(881): warning C4244: “参数”: 从“double”转换到“_Tp”，可能丢失数据
          with
          [
              _Tp=float
          ]
  c:\program files (x86)\microsoft visual studio\2017\community\vc\tools\msvc\14.16.27023\include\vector(900): note: 参见对正在编译的函数 模板 实例化“void std::_Default_allocator_traits<_Alloc>::construct<_Ty,double&,double&>(_Alloc &,_Objty *const ,double &,double &)”的引用
          with
          [
              _Alloc=std::allocator<cv::Point2f>,
              _Ty=cv::Point_<float>,
              _Objty=cv::Point_<float>
          ]
  c:\program files (x86)\microsoft visual studio\2017\community\vc\tools\msvc\14.16.27023\include\vector(902): note: 参见对正在编译的函数 模板 实例化“void std::_Default_allocator_traits<_Alloc>::construct<_Ty,double&,double&>(_Alloc &,_Objty *const ,double &,double &)”的引用
          with
          [
              _Alloc=std::allocator<cv::Point2f>,
              _Ty=cv::Point_<float>,
              _Objty=cv::Point_<float>
          ]
  c:\program files (x86)\microsoft visual studio\2017\community\vc\tools\msvc\14.16.27023\include\vector(916): note: 参见对正在编译的函数 模板 实例化“void std::vector<cv::Point2f,std::allocator<_Ty>>::_Emplace_back_with_unused_capacity<double&,double&>(double &,double &)”的引用
          with
          [
              _Ty=cv::Point2f
          ]
  c:\workspace\niswgsp_line\niswgsp_line\mesh\meshoptimization.cpp(410): note: 参见对正在编译的函数 模板 实例化“void std::vector<cv::Point2f,std::allocator<_Ty>>::emplace_back<double&,double&>(double &,double &)”的引用
          with
          [
              _Ty=cv::Point2f
          ]
  main.cpp
  正在生成代码
  3 of 10585 functions (<0.1%) were compiled, the rest were copied from previous compilation.
    0 functions were new in current compilation
    37 functions had inline decision re-evaluated but remain unchanged
  已完成代码的生成
  NISwGSP_line.vcxproj -> C:\Workspace\NISwGSP_line\x64\Release\NISwGSP_line.exe
